imdata:
- l1PhysIf:
    attributes:
      adminSt: up
      autoNeg: 'on'
      breakT: nonbroken
      brkoutMap: none
      bw: '0'
      childAction: ''
      delay: '1'
      descr: esxclus_ESXCLUS
      dfeDelayMs: '0'
      dn: topology/pod-1/node-102/sys/phys-[eth1/1]
      dot1qEtherType: '0x8100'
      emiRetrain: disable
      enablePoap: 'no'
      ethpmCfgFailedBmp: ''
      ethpmCfgFailedTs: '00:00:00:00.000'
      ethpmCfgState: '0'
      fcotChannelNumber: Channel32
      fecMode: inherit
      id: eth1/1
      inhBw: unspecified
      isReflectiveRelayCfgSupported: Supported
      layer: Layer2
      lcOwn: local
      linkDebounce: '100'
      linkFlapErrorMax: '30'
      linkFlapErrorSeconds: '420'
      linkLog: default
      mdix: auto
      medium: broadcast
      modTs: '2023-08-16T13:52:38.294+00:00'
      mode: trunk
      monPolDn: uni/infra/moninfra-default
      mtu: '9000'
      name: ''
      pathSDescr: ''
      portPhyMediaType: auto
      portT: leaf
      prioFlowCtrl: auto
      reflectiveRelayEn: 'off'
      routerMac: not-applicable
      snmpTrapSt: enable
      spanMode: not-a-span-dest
      speed: inherit
      status: ''
      switchingSt: disabled
      trunkLog: default
      usage: discovery
totalCount: '1'

